app/build/intermediates/manifest_merge_blame_file/debug/manifest-merger-blame-debug-report.txt
1<?xml version="1.0" encoding="utf-8"?>
2<manifest xmlns:android="http://schemas.android.com/apk/res/android"
3    package="com.mediasaver.app"
4    android:versionCode="1"
5    android:versionName="1.0" >
6
7    <uses-sdk
8        android:minSdkVersion="24"
9        android:targetSdkVersion="34" />
10
11    <uses-permission android:name="android.permission.INTERNET" />
11-->src/main/AndroidManifest.xml:4:5-66
11-->src/main/AndroidManifest.xml:4:22-64
12
13    <permission
13-->[androidx.core:core:1.9.0] AndroidManifest.xml:22:5-24:47
14        android:name="com.mediasaver.app.DYNAMIC_RECEIVER_NOT_EXPORTED_PERMISSION"
14-->[androidx.core:core:1.9.0] AndroidManifest.xml:23:9-81
15        android:protectionLevel="signature" />
15-->[androidx.core:core:1.9.0] AndroidManifest.xml:24:9-44
16
17    <uses-permission android:name="com.mediasaver.app.DYNAMIC_RECEIVER_NOT_EXPORTED_PERMISSION" />
17-->[androidx.core:core:1.9.0] AndroidManifest.xml:26:5-97
17-->[androidx.core:core:1.9.0] AndroidManifest.xml:26:22-94
18
19    <application
19-->src/main/AndroidManifest.xml:6:5-36:19
20        android:allowBackup="true"
20-->src/main/AndroidManifest.xml:9:9-35
21        android:appComponentFactory="androidx.core.app.CoreComponentFactory"
21-->[androidx.core:core:1.9.0] AndroidManifest.xml:28:18-86
22        android:debuggable="true"
23        android:extractNativeLibs="false"
24        android:label="Media Saver"
24-->src/main/AndroidManifest.xml:7:9-36
25        android:theme="@style/MediaSaverTheme" >
25-->src/main/AndroidManifest.xml:8:9-47
26        <activity
26-->src/main/AndroidManifest.xml:11:9-13:39
27            android:name="com.mediasaver.app.ProfileActivity"
27-->src/main/AndroidManifest.xml:12:13-44
28            android:exported="false" />
28-->src/main/AndroidManifest.xml:13:13-37
29        <activity
29-->src/main/AndroidManifest.xml:15:9-17:39
30            android:name="com.mediasaver.app.HistoryActivity"
30-->src/main/AndroidManifest.xml:16:13-44
31            android:exported="false" />
31-->src/main/AndroidManifest.xml:17:13-37
32        <activity
32-->src/main/AndroidManifest.xml:19:9-34:20
33            android:name="com.mediasaver.app.MainActivity"
33-->src/main/AndroidManifest.xml:20:13-41
34            android:exported="true" >
34-->src/main/AndroidManifest.xml:21:13-36
35            <intent-filter>
35-->src/main/AndroidManifest.xml:23:13-26:29
36                <action android:name="android.intent.action.MAIN" />
36-->src/main/AndroidManifest.xml:24:17-68
36-->src/main/AndroidManifest.xml:24:25-66
37
38                <category android:name="android.intent.category.LAUNCHER" />
38-->src/main/AndroidManifest.xml:25:17-76
38-->src/main/AndroidManifest.xml:25:27-74
39            </intent-filter>
40            <intent-filter>
40-->src/main/AndroidManifest.xml:28:13-32:29
41                <action android:name="android.intent.action.SEND" />
41-->src/main/AndroidManifest.xml:29:17-68
41-->src/main/AndroidManifest.xml:29:25-66
42
43                <category android:name="android.intent.category.DEFAULT" />
43-->src/main/AndroidManifest.xml:30:17-75
43-->src/main/AndroidManifest.xml:30:27-73
44
45                <data android:mimeType="text/plain" />
45-->src/main/AndroidManifest.xml:31:17-54
45-->src/main/AndroidManifest.xml:31:23-52
46            </intent-filter>
47        </activity>
48
49        <provider
49-->[androidx.emoji2:emoji2:1.2.0] AndroidManifest.xml:24:9-32:20
50            android:name="androidx.startup.InitializationProvider"
50-->[androidx.emoji2:emoji2:1.2.0] AndroidManifest.xml:25:13-67
51            android:authorities="com.mediasaver.app.androidx-startup"
51-->[androidx.emoji2:emoji2:1.2.0] AndroidManifest.xml:26:13-68
52            android:exported="false" >
52-->[androidx.emoji2:emoji2:1.2.0] AndroidManifest.xml:27:13-37
53            <meta-data
53-->[androidx.emoji2:emoji2:1.2.0] AndroidManifest.xml:29:13-31:52
54                android:name="androidx.emoji2.text.EmojiCompatInitializer"
54-->[androidx.emoji2:emoji2:1.2.0] AndroidManifest.xml:30:17-75
55                android:value="androidx.startup" />
55-->[androidx.emoji2:emoji2:1.2.0] AndroidManifest.xml:31:17-49
56            <meta-data
56-->[androidx.lifecycle:lifecycle-process:2.4.1] AndroidManifest.xml:31:13-33:52
57                android:name="androidx.lifecycle.ProcessLifecycleInitializer"
57-->[androidx.lifecycle:lifecycle-process:2.4.1] AndroidManifest.xml:32:17-78
58                android:value="androidx.startup" />
58-->[androidx.lifecycle:lifecycle-process:2.4.1] AndroidManifest.xml:33:17-49
59        </provider>
60    </application>
61
62</manifest>